
BOG21ITICDES02	Sun May 28 08:52:39 2017
	ib_util init failed, UDFs can't be used - looks like firebird misconfigured
	
	E:\Proyectos\Tecnovigilancia\TecnoVigilancia\Embarcadero\Portable\DB\ib_util.dll library has not been found
	E:\Proyectos\Tecnovigilancia\TecnoVigilancia\Embarcadero\Portable\DB\ib_util.dll library has not been found
	ib_util.dll library has not been found


BOG21ITICDES02	Thu Jun 01 17:28:46 2017
	ib_util init failed, UDFs can't be used - looks like firebird misconfigured
	
	E:\Proyectos\Tecnovigilancia\TecnoVigilancia\Embarcadero\Portable\DB\ib_util.dll library has not been found
	E:\Proyectos\Tecnovigilancia\TecnoVigilancia\Embarcadero\Portable\DB\ib_util.dll library has not been found
	ib_util.dll library has not been found


BOG21ITICDES02	Thu Jun 01 17:31:07 2017
	ib_util init failed, UDFs can't be used - looks like firebird misconfigured
	
	E:\Proyectos\Tecnovigilancia\TecnoVigilancia\Embarcadero\Portable\DB\ib_util.dll library has not been found
	E:\Proyectos\Tecnovigilancia\TecnoVigilancia\Embarcadero\Portable\DB\ib_util.dll library has not been found
	ib_util.dll library has not been found


BOG21ITICDES02	Tue Jun 06 13:35:04 2017
	ib_util init failed, UDFs can't be used - looks like firebird misconfigured
	
	E:\Proyectos\Tecnovigilancia\TecnoVigilancia\Embarcadero\Portable\DB\ib_util.dll library has not been found
	E:\Proyectos\Tecnovigilancia\TecnoVigilancia\Embarcadero\Portable\DB\ib_util.dll library has not been found
	ib_util.dll library has not been found


BOG21ITICDES02	Tue Jun 06 13:36:51 2017
	ib_util init failed, UDFs can't be used - looks like firebird misconfigured
	
	E:\Proyectos\Tecnovigilancia\TecnoVigilancia\Embarcadero\Portable\DB\ib_util.dll library has not been found
	E:\Proyectos\Tecnovigilancia\TecnoVigilancia\Embarcadero\Portable\DB\ib_util.dll library has not been found
	ib_util.dll library has not been found


BOG21ITICDES02	Tue Jun 06 13:39:12 2017
	ib_util init failed, UDFs can't be used - looks like firebird misconfigured
	
	E:\Proyectos\Tecnovigilancia\TecnoVigilancia\Embarcadero\Portable\DB\ib_util.dll library has not been found
	E:\Proyectos\Tecnovigilancia\TecnoVigilancia\Embarcadero\Portable\DB\ib_util.dll library has not been found
	ib_util.dll library has not been found


BOG21ITICDES02	Tue Jun 06 13:51:11 2017
	ib_util init failed, UDFs can't be used - looks like firebird misconfigured
	
	E:\Proyectos\Tecnovigilancia\TecnoVigilancia\Embarcadero\Portable\DB\ib_util.dll library has not been found
	E:\Proyectos\Tecnovigilancia\TecnoVigilancia\Embarcadero\Portable\DB\ib_util.dll library has not been found
	ib_util.dll library has not been found


BOG21ITICDES02	Tue Jun 06 13:53:07 2017
	ib_util init failed, UDFs can't be used - looks like firebird misconfigured
	
	E:\Proyectos\Tecnovigilancia\TecnoVigilancia\Embarcadero\Portable\DB\ib_util.dll library has not been found
	E:\Proyectos\Tecnovigilancia\TecnoVigilancia\Embarcadero\Portable\DB\ib_util.dll library has not been found
	ib_util.dll library has not been found


BOG21ITICDES02	Tue Jun 06 13:55:45 2017
	ib_util init failed, UDFs can't be used - looks like firebird misconfigured
	
	E:\Proyectos\Tecnovigilancia\TecnoVigilancia\Embarcadero\Portable\DB\ib_util.dll library has not been found
	E:\Proyectos\Tecnovigilancia\TecnoVigilancia\Embarcadero\Portable\DB\ib_util.dll library has not been found
	ib_util.dll library has not been found


BOG21ITICDES02	Tue Jun 06 13:57:53 2017
	ib_util init failed, UDFs can't be used - looks like firebird misconfigured
	
	E:\Proyectos\Tecnovigilancia\TecnoVigilancia\Embarcadero\Portable\DB\ib_util.dll library has not been found
	E:\Proyectos\Tecnovigilancia\TecnoVigilancia\Embarcadero\Portable\DB\ib_util.dll library has not been found
	ib_util.dll library has not been found


BOG21ITICDES02	Tue Jun 06 14:00:16 2017
	ib_util init failed, UDFs can't be used - looks like firebird misconfigured
	
	E:\Proyectos\Tecnovigilancia\TecnoVigilancia\Embarcadero\Portable\DB\ib_util.dll library has not been found
	E:\Proyectos\Tecnovigilancia\TecnoVigilancia\Embarcadero\Portable\DB\ib_util.dll library has not been found
	ib_util.dll library has not been found


BOG21ITICDES02	Tue Jun 06 14:01:49 2017
	ib_util init failed, UDFs can't be used - looks like firebird misconfigured
	
	E:\Proyectos\Tecnovigilancia\TecnoVigilancia\Embarcadero\Portable\DB\ib_util.dll library has not been found
	E:\Proyectos\Tecnovigilancia\TecnoVigilancia\Embarcadero\Portable\DB\ib_util.dll library has not been found
	ib_util.dll library has not been found


BOG21ITICDES02	Tue Jun 06 14:19:22 2017
	ib_util init failed, UDFs can't be used - looks like firebird misconfigured
	
	E:\Proyectos\Tecnovigilancia\TecnoVigilancia\Embarcadero\Portable\DB\ib_util.dll library has not been found
	E:\Proyectos\Tecnovigilancia\TecnoVigilancia\Embarcadero\Portable\DB\ib_util.dll library has not been found
	ib_util.dll library has not been found


BOG21ITICDES02	Tue Jun 06 14:21:32 2017
	ib_util init failed, UDFs can't be used - looks like firebird misconfigured
	
	E:\Proyectos\Tecnovigilancia\TecnoVigilancia\Embarcadero\Portable\DB\ib_util.dll library has not been found
	E:\Proyectos\Tecnovigilancia\TecnoVigilancia\Embarcadero\Portable\DB\ib_util.dll library has not been found
	ib_util.dll library has not been found


BOG21ITICDES02	Tue Jun 06 14:22:07 2017
	ib_util init failed, UDFs can't be used - looks like firebird misconfigured
	
	E:\Proyectos\Tecnovigilancia\TecnoVigilancia\Embarcadero\Portable\DB\ib_util.dll library has not been found
	E:\Proyectos\Tecnovigilancia\TecnoVigilancia\Embarcadero\Portable\DB\ib_util.dll library has not been found
	ib_util.dll library has not been found


BOG21ITICDES02	Tue Jun 06 14:25:26 2017
	ib_util init failed, UDFs can't be used - looks like firebird misconfigured
	
	E:\Proyectos\Tecnovigilancia\TecnoVigilancia\Embarcadero\Portable\DB\ib_util.dll library has not been found
	E:\Proyectos\Tecnovigilancia\TecnoVigilancia\Embarcadero\Portable\DB\ib_util.dll library has not been found
	ib_util.dll library has not been found


BOG21ITICDES02	Tue Jun 06 14:27:42 2017
	ib_util init failed, UDFs can't be used - looks like firebird misconfigured
	
	E:\Proyectos\Tecnovigilancia\TecnoVigilancia\Embarcadero\Portable\DB\ib_util.dll library has not been found
	E:\Proyectos\Tecnovigilancia\TecnoVigilancia\Embarcadero\Portable\DB\ib_util.dll library has not been found
	ib_util.dll library has not been found


BOG21ITICDES02	Tue Jun 06 14:31:14 2017
	ib_util init failed, UDFs can't be used - looks like firebird misconfigured
	
	E:\Proyectos\Tecnovigilancia\TecnoVigilancia\Embarcadero\Portable\DB\ib_util.dll library has not been found
	E:\Proyectos\Tecnovigilancia\TecnoVigilancia\Embarcadero\Portable\DB\ib_util.dll library has not been found
	ib_util.dll library has not been found


BOG21ITICDES02	Tue Jun 06 14:39:02 2017
	ib_util init failed, UDFs can't be used - looks like firebird misconfigured
	
	E:\Proyectos\Tecnovigilancia\TecnoVigilancia\Embarcadero\Portable\DB\ib_util.dll library has not been found
	E:\Proyectos\Tecnovigilancia\TecnoVigilancia\Embarcadero\Portable\DB\ib_util.dll library has not been found
	ib_util.dll library has not been found


BOG21ITICDES02	Tue Jun 06 14:40:53 2017
	ib_util init failed, UDFs can't be used - looks like firebird misconfigured
	
	E:\Proyectos\Tecnovigilancia\TecnoVigilancia\Embarcadero\Portable\DB\ib_util.dll library has not been found
	E:\Proyectos\Tecnovigilancia\TecnoVigilancia\Embarcadero\Portable\DB\ib_util.dll library has not been found
	ib_util.dll library has not been found


BOG21ITICDES02	Tue Jun 06 15:35:23 2017
	ib_util init failed, UDFs can't be used - looks like firebird misconfigured
	
	E:\Proyectos\Tecnovigilancia\TecnoVigilancia\Embarcadero\Portable\DB\ib_util.dll library has not been found
	E:\Proyectos\Tecnovigilancia\TecnoVigilancia\Embarcadero\Portable\DB\ib_util.dll library has not been found
	ib_util.dll library has not been found


BOG21ITICDES02	Tue Jun 06 15:46:26 2017
	ib_util init failed, UDFs can't be used - looks like firebird misconfigured
	
	E:\Proyectos\Tecnovigilancia\TecnoVigilancia\Embarcadero\Portable\DB\ib_util.dll library has not been found
	E:\Proyectos\Tecnovigilancia\TecnoVigilancia\Embarcadero\Portable\DB\ib_util.dll library has not been found
	ib_util.dll library has not been found


BOG21ITICDES02	Tue Jun 06 15:48:00 2017
	ib_util init failed, UDFs can't be used - looks like firebird misconfigured
	
	E:\Proyectos\Tecnovigilancia\TecnoVigilancia\Embarcadero\Portable\DB\ib_util.dll library has not been found
	E:\Proyectos\Tecnovigilancia\TecnoVigilancia\Embarcadero\Portable\DB\ib_util.dll library has not been found
	ib_util.dll library has not been found


BOG21ITICDES02	Tue Jun 06 15:54:59 2017
	ib_util init failed, UDFs can't be used - looks like firebird misconfigured
	
	E:\Proyectos\Tecnovigilancia\TecnoVigilancia\Embarcadero\Portable\DB\ib_util.dll library has not been found
	E:\Proyectos\Tecnovigilancia\TecnoVigilancia\Embarcadero\Portable\DB\ib_util.dll library has not been found
	ib_util.dll library has not been found


BOG21ITICDES02	Tue Jun 06 16:05:49 2017
	ib_util init failed, UDFs can't be used - looks like firebird misconfigured
	
	E:\Proyectos\Tecnovigilancia\TecnoVigilancia\Embarcadero\Portable\DB\ib_util.dll library has not been found
	E:\Proyectos\Tecnovigilancia\TecnoVigilancia\Embarcadero\Portable\DB\ib_util.dll library has not been found
	ib_util.dll library has not been found


BOG21ITICDES02	Tue Jun 06 16:08:10 2017
	ib_util init failed, UDFs can't be used - looks like firebird misconfigured
	
	E:\Proyectos\Tecnovigilancia\TecnoVigilancia\Embarcadero\Portable\DB\ib_util.dll library has not been found
	E:\Proyectos\Tecnovigilancia\TecnoVigilancia\Embarcadero\Portable\DB\ib_util.dll library has not been found
	ib_util.dll library has not been found


BOG21ITICDES02	Wed Jun 07 08:26:05 2017
	ib_util init failed, UDFs can't be used - looks like firebird misconfigured
	
	E:\Proyectos\Tecnovigilancia\TecnoVigilancia\Embarcadero\Portable\DB\ib_util.dll library has not been found
	E:\Proyectos\Tecnovigilancia\TecnoVigilancia\Embarcadero\Portable\DB\ib_util.dll library has not been found
	ib_util.dll library has not been found


BOG21ITICDES02	Wed Jun 07 12:10:16 2017
	ib_util init failed, UDFs can't be used - looks like firebird misconfigured
	
	E:\Proyectos\Tecnovigilancia\TecnoVigilancia\Embarcadero\Portable\DB\ib_util.dll library has not been found
	E:\Proyectos\Tecnovigilancia\TecnoVigilancia\Embarcadero\Portable\DB\ib_util.dll library has not been found
	ib_util.dll library has not been found


BOG21ITICDES02	Wed Jun 07 12:40:43 2017
	ib_util init failed, UDFs can't be used - looks like firebird misconfigured
	
	E:\Proyectos\Tecnovigilancia\TecnoVigilancia\Embarcadero\Portable\DB\ib_util.dll library has not been found
	E:\Proyectos\Tecnovigilancia\TecnoVigilancia\Embarcadero\Portable\DB\ib_util.dll library has not been found
	ib_util.dll library has not been found

